Run started on 2019-05-13 02:55:24.911211
*********************************
2
<class 'email.message.Message'>
<class 'email.message.Message'>
<class 'email.message.Message'>
<class 'email.message.Message'>
<class 'email.message.Message'>
None
<class 'email.message.Message'>
<class 'email.message.Message'>
<class 'email.message.Message'>
<class 'email.message.Message'>
Skills_Data_vim_pipeline_report.csv
<class 'email.message.Message'>
<class 'email.message.Message'>
<class 'email.message.Message'>
Skills_Data_vim_pipeline_report.csv
C:\Users\vimanyua\PycharmProjects\Pipeline\skills_data\Skills_Data_vim_pipeline_report.csv
all done-got attachment
all done
