Run started on 2019-05-14 02:55:29.527113
*********************************
2
<class 'email.message.Message'>
<class 'email.message.Message'>
<class 'email.message.Message'>
<class 'email.message.Message'>
<class 'email.message.Message'>
None
<class 'email.message.Message'>
<class 'email.message.Message'>
<class 'email.message.Message'>
<class 'email.message.Message'>
Skills_Data_vim_pipeline_report.csv
<class 'email.message.Message'>
<class 'email.message.Message'>
<class 'email.message.Message'>
Skills_Data_vim_pipeline_report.csv
C:\Users\vimanyua\PycharmProjects\Pipeline\skills_data\Skills_Data_vim_pipeline_report.csv
all done-got attachment
all done
