Run started on 2019-05-07 20:52:38.976072
*********************************
2
<class 'email.message.Message'>
<class 'email.message.Message'>
<class 'email.message.Message'>
<class 'email.message.Message'>
Skills_Data_vim_pipeline_report.csv
<class 'email.message.Message'>
<class 'email.message.Message'>
<class 'email.message.Message'>
Skills_Data_vim_pipeline_report.csv
C:\Users\vimanyua\PycharmProjects\Pipeline\skills_data\Skills_Data_vim_pipeline_report.csv
<class 'email.message.Message'>
<class 'email.message.Message'>
<class 'email.message.Message'>
<class 'email.message.Message'>
<class 'email.message.Message'>
None
all done-got attachment
all done
