2019-05-08 02:55:31,417 - __main__ - INFO - initiating put file in s3
2019-05-08 02:55:31,417 - __main__ - INFO - 3.7.3 (default, Apr 24 2019, 15:29:51) [MSC v.1915 64 bit (AMD64)]
2019-05-08 02:55:31,418 - __main__ - INFO - Calling get attachment module
2019-05-08 02:55:31,418 - get_attachment - INFO - starting RAG Status report get attachment
2019-05-08 02:55:31,418 - get_attachment - INFO - Connecting to outlook server
2019-05-08 02:55:33,336 - get_attachment - INFO - Email connection established - Fetching emails
2019-05-08 02:55:44,234 - get_attachment - INFO - Email Fetch Successful
2019-05-08 02:55:44,238 - get_attachment - INFO - Unread len: 2
2019-05-08 02:55:44,238 - get_attachment - INFO - type of object: <class 'email.message.Message'>
2019-05-08 02:55:44,239 - get_attachment - ERROR - EXCEPTION OCCURED: 'NoneType' object has no attribute 'find'
2019-05-08 02:55:44,242 - get_attachment - ERROR - Traceback (most recent call last):
  File "C:\Users\vimanyua\PycharmProjects\Pipeline\skills_data\get_attachment.py", line 99, in save_attachment
    if part.get('Content-Disposition').find(BASEFILE) == -1:
AttributeError: 'NoneType' object has no attribute 'find'

2019-05-08 02:55:44,242 - get_attachment - INFO - None
2019-05-08 02:55:44,242 - get_attachment - ERROR - EXCEPTION OCCURED: 'NoneType' object has no attribute 'find'
2019-05-08 02:55:44,243 - get_attachment - ERROR - Traceback (most recent call last):
  File "C:\Users\vimanyua\PycharmProjects\Pipeline\skills_data\get_attachment.py", line 99, in save_attachment
    if part.get('Content-Disposition').find(BASEFILE) == -1:
AttributeError: 'NoneType' object has no attribute 'find'

2019-05-08 02:55:44,244 - get_attachment - INFO - type of object: <class 'email.message.Message'>
2019-05-08 02:55:44,323 - get_attachment - INFO - C:\Users\vimanyua\PycharmProjects\Pipeline\skills_data\Skills_Data_vim_pipeline_report.csv
2019-05-08 02:55:44,325 - get_attachment - INFO - all done - got attachment
2019-05-08 02:55:44,326 - __main__ - INFO - get attachment module successfully called
2019-05-08 02:55:44,326 - __main__ - INFO - calling csv manipulation
2019-05-08 02:55:44,907 - __main__ - INFO - csv manipulation done
2019-05-08 02:55:44,908 - __main__ - INFO - now creating boto3 resources
2019-05-08 02:55:45,049 - __main__ - INFO - Opening data connections
2019-05-08 02:55:45,050 - __main__ - INFO - Data file stream opened
2019-05-08 02:55:45,050 - __main__ - INFO - Putting file in S3 bucket
2019-05-08 02:55:53,308 - __main__ - INFO - File put in S3 bucket. All done - Pending S3 to hive transfer.
